# JRE version: Java(TM) SE Runtime Environment (8.0_91-b14) (build 1.8.0_91-b14)
# Java VM: Java HotSpot(TM) 64-Bit Server VM (25.91-b14 mixed mode linux-amd64 compressed oops)
Heap:
 PSYoungGen      total 150016K, used 17669K [0x0000000781d00000, 0x000000078ea00000, 0x00000007c0000000)
  eden space 142336K, 7% used [0x0000000781d00000,0x00000007826c24c8,0x000000078a800000)
  from space 7680K, 99% used [0x000000078e280000,0x000000078e9ff048,0x000000078ea00000)
  to   space 7680K, 0% used [0x000000078db00000,0x000000078db00000,0x000000078e280000)
 ParOldGen       total 83456K, used 12885K [0x0000000705600000, 0x000000070a780000, 0x0000000781d00000)
  object space 83456K, 15% used [0x0000000705600000,0x0000000706295430,0x000000070a780000)
 Metaspace       used 30584K, capacity 30940K, committed 31360K, reserved 1077248K
  class space    used 3973K, capacity 4106K, committed 4224K, reserved 1048576K
GC Heap History (10 events):
Event: 0.859 GC heap before
{Heap before GC invocations=1 (full 0):
 PSYoungGen      total 56320K, used 48640K [0x0000000781d00000, 0x0000000785b80000, 0x00000007c0000000)
  eden space 48640K, 100% used [0x0000000781d00000,0x0000000784c80000,0x0000000784c80000)
  from space 7680K, 0% used [0x0000000785400000,0x0000000785400000,0x0000000785b80000)
  to   space 7680K, 0% used [0x0000000784c80000,0x0000000784c80000,0x0000000785400000)
 ParOldGen       total 128512K, used 0K [0x0000000705600000, 0x000000070d380000, 0x0000000781d00000)
  object space 128512K, 0% used [0x0000000705600000,0x0000000705600000,0x000000070d380000)
 Metaspace       used 12094K, capacity 12290K, committed 12672K, reserved 1060864K
  class space    used 1484K, capacity 1571K, committed 1664K, reserved 1048576K
Event: 0.873 GC heap after
Heap after GC invocations=1 (full 0):
 PSYoungGen      total 56320K, used 6320K [0x0000000781d00000, 0x0000000788b00000, 0x00000007c0000000)
  eden space 48640K, 0% used [0x0000000781d00000,0x0000000781d00000,0x0000000784c80000)
  from space 7680K, 82% used [0x0000000784c80000,0x00000007852ac078,0x0000000785400000)
  to   space 7680K, 0% used [0x0000000788380000,0x0000000788380000,0x0000000788b00000)
 ParOldGen       total 128512K, used 80K [0x0000000705600000, 0x000000070d380000, 0x0000000781d00000)
  object space 128512K, 0% used [0x0000000705600000,0x0000000705614010,0x000000070d380000)
 Metaspace       used 12094K, capacity 12290K, committed 12672K, reserved 1060864K
  class space    used 1484K, capacity 1571K, committed 1664K, reserved 1048576K
}
Event: 1.488 GC heap before
{Heap before GC invocations=2 (full 0):
 PSYoungGen      total 56320K, used 54960K [0x0000000781d00000, 0x0000000788b00000, 0x00000007c0000000)
  eden space 48640K, 100% used [0x0000000781d00000,0x0000000784c80000,0x0000000784c80000)
  from space 7680K, 82% used [0x0000000784c80000,0x00000007852ac078,0x0000000785400000)
  to   space 7680K, 0% used [0x0000000788380000,0x0000000788380000,0x0000000788b00000)
 ParOldGen       total 128512K, used 80K [0x0000000705600000, 0x000000070d380000, 0x0000000781d00000)
  object space 128512K, 0% used [0x0000000705600000,0x0000000705614010,0x000000070d380000)
 Metaspace       used 16988K, capacity 17236K, committed 17408K, reserved 1064960K
  class space    used 2194K, capacity 2296K, committed 2304K, reserved 1048576K
Event: 1.507 GC heap after
Heap after GC invocations=2 (full 0):
 PSYoungGen      total 104960K, used 6663K [0x0000000781d00000, 0x0000000788b00000, 0x00000007c0000000)
  eden space 97280K, 0% used [0x0000000781d00000,0x0000000781d00000,0x0000000787c00000)
  from space 7680K, 86% used [0x0000000788380000,0x0000000788a01f90,0x0000000788b00000)
  to   space 7680K, 0% used [0x0000000787c00000,0x0000000787c00000,0x0000000788380000)
 ParOldGen       total 128512K, used 88K [0x0000000705600000, 0x000000070d380000, 0x0000000781d00000)
  object space 128512K, 0% used [0x0000000705600000,0x0000000705616010,0x000000070d380000)
 Metaspace       used 16988K, capacity 17236K, committed 17408K, reserved 1064960K
  class space    used 2194K, capacity 2296K, committed 2304K, reserved 1048576K
}
Event: 2.061 GC heap before
{Heap before GC invocations=3 (full 0):
 PSYoungGen      total 104960K, used 65065K [0x0000000781d00000, 0x0000000788b00000, 0x00000007c0000000)
  eden space 97280K, 60% used [0x0000000781d00000,0x0000000785608738,0x0000000787c00000)
  from space 7680K, 86% used [0x0000000788380000,0x0000000788a01f90,0x0000000788b00000)
  to   space 7680K, 0% used [0x0000000787c00000,0x0000000787c00000,0x0000000788380000)
 ParOldGen       total 128512K, used 88K [0x0000000705600000, 0x000000070d380000, 0x0000000781d00000)
  object space 128512K, 0% used [0x0000000705600000,0x0000000705616010,0x000000070d380000)
 Metaspace       used 20851K, capacity 21126K, committed 21248K, reserved 1067008K
  class space    used 2698K, capacity 2803K, committed 2816K, reserved 1048576K
Event: 2.075 GC heap after
Heap after GC invocations=3 (full 0):
 PSYoungGen      total 104960K, used 7660K [0x0000000781d00000, 0x000000078ea00000, 0x00000007c0000000)
  eden space 97280K, 0% used [0x0000000781d00000,0x0000000781d00000,0x0000000787c00000)
  from space 7680K, 99% used [0x0000000787c00000,0x000000078837b340,0x0000000788380000)
  to   space 7680K, 0% used [0x000000078e280000,0x000000078e280000,0x000000078ea00000)
 ParOldGen       total 128512K, used 1674K [0x0000000705600000, 0x000000070d380000, 0x0000000781d00000)
  object space 128512K, 1% used [0x0000000705600000,0x00000007057a2a58,0x000000070d380000)
 Metaspace       used 20851K, capacity 21126K, committed 21248K, reserved 1067008K
  class space    used 2698K, capacity 2803K, committed 2816K, reserved 1048576K
}
Event: 2.075 GC heap before
{Heap before GC invocations=4 (full 1):
 PSYoungGen      total 104960K, used 7660K [0x0000000781d00000, 0x000000078ea00000, 0x00000007c0000000)
  eden space 97280K, 0% used [0x0000000781d00000,0x0000000781d00000,0x0000000787c00000)
  from space 7680K, 99% used [0x0000000787c00000,0x000000078837b340,0x0000000788380000)
  to   space 7680K, 0% used [0x000000078e280000,0x000000078e280000,0x000000078ea00000)
 ParOldGen       total 128512K, used 1674K [0x0000000705600000, 0x000000070d380000, 0x0000000781d00000)
  object space 128512K, 1% used [0x0000000705600000,0x00000007057a2a58,0x000000070d380000)
 Metaspace       used 20851K, capacity 21126K, committed 21248K, reserved 1067008K
  class space    used 2698K, capacity 2803K, committed 2816K, reserved 1048576K
Event: 2.122 GC heap after
Heap after GC invocations=4 (full 1):
 PSYoungGen      total 104960K, used 0K [0x0000000781d00000, 0x000000078ea00000, 0x00000007c0000000)
  eden space 97280K, 0% used [0x0000000781d00000,0x0000000781d00000,0x0000000787c00000)
  from space 7680K, 0% used [0x0000000787c00000,0x0000000787c00000,0x0000000788380000)
  to   space 7680K, 0% used [0x000000078e280000,0x000000078e280000,0x000000078ea00000)
 ParOldGen       total 83456K, used 8990K [0x0000000705600000, 0x000000070a780000, 0x0000000781d00000)
  object space 83456K, 10% used [0x0000000705600000,0x0000000705ec79c0,0x000000070a780000)
 Metaspace       used 20848K, capacity 21122K, committed 21248K, reserved 1067008K
  class space    used 2697K, capacity 2801K, committed 2816K, reserved 1048576K
}
Event: 4.520 GC heap before
{Heap before GC invocations=5 (full 1):
 PSYoungGen      total 104960K, used 97280K [0x0000000781d00000, 0x000000078ea00000, 0x00000007c0000000)
  eden space 97280K, 100% used [0x0000000781d00000,0x0000000787c00000,0x0000000787c00000)
  from space 7680K, 0% used [0x0000000787c00000,0x0000000787c00000,0x0000000788380000)
  to   space 7680K, 0% used [0x000000078e280000,0x000000078e280000,0x000000078ea00000)
 ParOldGen       total 83456K, used 8990K [0x0000000705600000, 0x000000070a780000, 0x0000000781d00000)
  object space 83456K, 10% used [0x0000000705600000,0x0000000705ec79c0,0x000000070a780000)
 Metaspace       used 30351K, capacity 30716K, committed 30976K, reserved 1077248K
  class space    used 3934K, capacity 4074K, committed 4096K, reserved 1048576K
Event: 4.537 GC heap after
Heap after GC invocations=5 (full 1):
 PSYoungGen      total 150016K, used 7676K [0x0000000781d00000, 0x000000078ea00000, 0x00000007c0000000)
  eden space 142336K, 0% used [0x0000000781d00000,0x0000000781d00000,0x000000078a800000)
  from space 7680K, 99% used [0x000000078e280000,0x000000078e9ff048,0x000000078ea00000)
  to   space 7680K, 0% used [0x000000078db00000,0x000000078db00000,0x000000078e280000)
 ParOldGen       total 83456K, used 12885K [0x0000000705600000, 0x000000070a780000, 0x0000000781d00000)
  object space 83456K, 15% used [0x0000000705600000,0x0000000706295430,0x000000070a780000)
 Metaspace       used 30351K, capacity 30716K, committed 30976K, reserved 1077248K
  class space    used 3934K, capacity 4074K, committed 4096K, reserved 1048576K
}

